<?xml version="1.0" encoding="UTF-8"?>
<testng-results ignored="0" total="2" passed="2" failed="0" skipped="0">
  <reporter-output>
  </reporter-output>
  <suite started-at="2025-03-08T11:12:10Z" name="Default suite" finished-at="2025-03-08T11:12:10Z" duration-ms="133">
    <groups>
    </groups>
    <test started-at="2025-03-08T11:12:10Z" name="Default test" finished-at="2025-03-08T11:12:10Z" duration-ms="133">
      <class name="Contact.CreateContact">
        <test-method signature="AccountCreate()[pri:0, instance:Contact.CreateContact@4d1c005e]" started-at="2025-03-08T11:12:10Z" name="AccountCreate" finished-at="2025-03-08T11:12:10Z" duration-ms="37" status="PASS">
          <reporter-output>
          </reporter-output>
        </test-method> <!-- AccountCreate -->
        <test-method signature="login()[pri:0, instance:Contact.CreateContact@4d1c005e]" started-at="2025-03-08T11:12:10Z" name="login" finished-at="2025-03-08T11:12:10Z" duration-ms="12" status="PASS">
          <reporter-output>
          </reporter-output>
        </test-method> <!-- login -->
      </class> <!-- Contact.CreateContact -->
    </test> <!-- Default test -->
  </suite> <!-- Default suite -->
</testng-results>
